Using pre-set license
Built from '2020.3/staging' branch; Version is '2020.3.20f1 (41c4e627c95f) revision 4310246'; Using compiler version '192528614'; Build Type 'Release'
OS: 'Windows 10 Pro; OS build 19044.2130; Version 2009; 64bit' Language: 'pt' Physical Memory: 12197 MB
BatchMode: 1, IsHumanControllingUs: 0, StartBugReporterOnCrash: 0, Is64bit: 1, IsPro: 0

COMMAND LINE ARGUMENTS:
C:\Program Files\Unity\Hub\Editor\2020.3.20f1\Editor\Unity.exe
-adb2
-batchMode
-noUpm
-name
AssetImportWorker5
-projectPath
C:/Users/User/Documents/Kubso
-logFile
Logs/AssetImportWorker5.log
-srvPort
55558
Successfully changed project path to: C:/Users/User/Documents/Kubso
C:/Users/User/Documents/Kubso
Using Asset Import Pipeline V2.
Refreshing native plugins compatible for Editor in 250.13 ms, found 3 plugins.
Preloading 0 native plugins for Editor in 0.00 ms.
Initialize engine version: 2020.3.20f1 (41c4e627c95f)
[Subsystems] Discovering subsystems at path C:/Program Files/Unity/Hub/Editor/2020.3.20f1/Editor/Data/Resources/UnitySubsystems
[Subsystems] Discovering subsystems at path C:/Users/User/Documents/Kubso/Assets
GfxDevice: creating device client; threaded=0
Direct3D:
    Version:  Direct3D 11.0 [level 11.1]
    Renderer: Radeon 530 Series (ID=0x6900)
    Vendor:   
    VRAM:     2038 MB
    Driver:   27.20.1034.6
Initialize mono
Mono path[0] = 'C:/Program Files/Unity/Hub/Editor/2020.3.20f1/Editor/Data/Managed'
Mono path[1] = 'C:/Program Files/Unity/Hub/Editor/2020.3.20f1/Editor/Data/MonoBleedingEdge/lib/mono/unityjit'
Mono config path = 'C:/Program Files/Unity/Hub/Editor/2020.3.20f1/Editor/Data/MonoBleedingEdge/etc'
Using monoOptions --debugger-agent=transport=dt_socket,embedding=1,server=y,suspend=n,address=127.0.0.1:56584
Begin MonoManager ReloadAssembly
Registering precompiled unity dll's ...
Register platform support module: C:/Program Files/Unity/Hub/Editor/2020.3.20f1/Editor/Data/PlaybackEngines/WindowsStandaloneSupport/UnityEditor.WindowsStandalone.Extensions.dll
Registered in 0.009080 seconds.
Native extension for WindowsStandalone target not found
Refreshing native plugins compatible for Editor in 150.16 ms, found 3 plugins.
Preloading 0 native plugins for Editor in 0.00 ms.
Mono: successfully reloaded assembly
- Completed reload, in  8.856 seconds
Domain Reload Profiling:
	ReloadAssembly (8857ms)
		BeginReloadAssembly (401ms)
			ExecutionOrderSort (0ms)
			DisableScriptedObjects (0ms)
			BackupInstance (0ms)
			ReleaseScriptingObjects (0ms)
			CreateAndSetChildDomain (29ms)
		EndReloadAssembly (1713ms)
			LoadAssemblies (353ms)
			RebuildTransferFunctionScriptingTraits (0ms)
			SetupTypeCache (725ms)
			ReleaseScriptCaches (0ms)
			RebuildScriptCaches (110ms)
			SetupLoadedEditorAssemblies (606ms)
				LogAssemblyErrors (0ms)
				InitializePlatformSupportModulesInManaged (10ms)
				SetLoadedEditorAssemblies (1ms)
				RefreshPlugins (150ms)
				BeforeProcessingInitializeOnLoad (34ms)
				ProcessInitializeOnLoadAttributes (310ms)
				ProcessInitializeOnLoadMethodAttributes (100ms)
				AfterProcessingInitializeOnLoad (0ms)
				EditorAssembliesLoaded (1ms)
			ExecutionOrderSort2 (0ms)
			AwakeInstancesAfterBackupRestoration (0ms)
Platform modules already initialized, skipping
Registering precompiled user dll's ...
Registered in 0.019354 seconds.
Begin MonoManager ReloadAssembly
Native extension for WindowsStandalone target not found
Refreshing native plugins compatible for Editor in 134.69 ms, found 3 plugins.
Preloading 0 native plugins for Editor in 0.00 ms.
Mono: successfully reloaded assembly
- Completed reload, in 11.583 seconds
Domain Reload Profiling:
	ReloadAssembly (11595ms)
		BeginReloadAssembly (475ms)
			ExecutionOrderSort (0ms)
			DisableScriptedObjects (22ms)
			BackupInstance (0ms)
			ReleaseScriptingObjects (0ms)
			CreateAndSetChildDomain (45ms)
		EndReloadAssembly (10858ms)
			LoadAssemblies (8179ms)
			RebuildTransferFunctionScriptingTraits (0ms)
			SetupTypeCache (978ms)
			ReleaseScriptCaches (1ms)
			RebuildScriptCaches (125ms)
			SetupLoadedEditorAssemblies (1089ms)
				LogAssemblyErrors (0ms)
				InitializePlatformSupportModulesInManaged (11ms)
				SetLoadedEditorAssemblies (1ms)
				RefreshPlugins (135ms)
				BeforeProcessingInitializeOnLoad (172ms)
				ProcessInitializeOnLoadAttributes (708ms)
				ProcessInitializeOnLoadMethodAttributes (44ms)
				AfterProcessingInitializeOnLoad (18ms)
				EditorAssembliesLoaded (0ms)
			ExecutionOrderSort2 (0ms)
			AwakeInstancesAfterBackupRestoration (17ms)
Platform modules already initialized, skipping
========================================================================
Worker process is ready to serve import requests
Launched and connected shader compiler UnityShaderCompiler.exe after 0.16 seconds
Refreshing native plugins compatible for Editor in 0.94 ms, found 3 plugins.
Preloading 0 native plugins for Editor in 0.00 ms.
Unloading 2093 Unused Serialized files (Serialized files now loaded: 0)
System memory in use before: 93.1 MB.
System memory in use after: 93.2 MB.

Unloading 26 unused Assets to reduce memory usage. Loaded Objects now: 2532.
Total: 13.716200 ms (FindLiveObjects: 0.520000 ms CreateObjectMapping: 0.280400 ms MarkObjects: 12.398300 ms  DeleteObjects: 0.513600 ms)

AssetImportParameters requested are different than current active one (requested -> active):
  custom:framework-win-MediaFoundation: 216162199b28c13a410421893ffa2e32 -> 
  custom:video-decoder-ogg-theora: a1e56fd34408186e4bbccfd4996cb3dc -> 
  custom:container-muxer-webm: aa71ff27fc2769a1b78a27578f13a17b -> 
  custom:container-demuxer-webm: 4f35f7cbe854078d1ac9338744f61a02 -> 
  custom:container-demuxer-ogg: 62fdf1f143b41e24485cea50d1cbac27 -> 
  custom:video-encoder-webm-vp8: eb34c28f22e8b96e1ab97ce403110664 -> 
  custom:video-decoder-webm-vp8: 9c59270c3fd7afecdb556c50c9e8de78 -> 
  custom:audio-decoder-ogg-vorbis: bf7c407c2cedff20999df2af8eb42d56 -> 
  custom:audio-encoder-webm-vorbis: bf7c407c2cedff20999df2af8eb42d56 -> 
========================================================================
Received Import Request.
  path: Assets/Sprites/Personajes/GreenNinja/GreenNinja_Caminar_Abajo.png
  artifactKey: Guid(633c78f6b2b675e40a5e5da388d22dae) Importer(815301076,1909f56bfc062723c751e8b465ee728b)
Start importing Assets/Sprites/Personajes/GreenNinja/GreenNinja_Caminar_Abajo.png using Guid(633c78f6b2b675e40a5e5da388d22dae) Importer(815301076,1909f56bfc062723c751e8b465ee728b)  -> (artifact id: '7475b83d2474bf8380c9ede714fe5077') in 0.495278 seconds 
  Import took 0.509339 seconds .

========================================================================
Received Import Request.
  Time since last request: 2971.761647 seconds.
  path: Assets/Sprites/Personajes/GreenNinja/GreenNinja_Caminar_Abajo.png
  artifactKey: Guid(633c78f6b2b675e40a5e5da388d22dae) Importer(815301076,1909f56bfc062723c751e8b465ee728b)
Start importing Assets/Sprites/Personajes/GreenNinja/GreenNinja_Caminar_Abajo.png using Guid(633c78f6b2b675e40a5e5da388d22dae) Importer(815301076,1909f56bfc062723c751e8b465ee728b)  -> (artifact id: 'ce358b11bd170304251d7cd39590440c') in 0.360502 seconds 
  Import took 0.379347 seconds .

========================================================================
Received Import Request.
  Time since last request: 12.138502 seconds.
  path: Assets/Sprites/Personajes/GreenNinja/GreenNinja_Caminar_Arriba.png
  artifactKey: Guid(662cb11ca4feff849822279f6b532161) Importer(815301076,1909f56bfc062723c751e8b465ee728b)
Start importing Assets/Sprites/Personajes/GreenNinja/GreenNinja_Caminar_Arriba.png using Guid(662cb11ca4feff849822279f6b532161) Importer(815301076,1909f56bfc062723c751e8b465ee728b)  -> (artifact id: 'c506f73dce5842065fb2b30cf9f39445') in 0.057468 seconds 
  Import took 0.073280 seconds .

========================================================================
Received Import Request.
  Time since last request: 16.602157 seconds.
  path: Assets/Sprites/Personajes/GreenNinja/GreenNinja_Caminar_Arriba.png
  artifactKey: Guid(662cb11ca4feff849822279f6b532161) Importer(815301076,1909f56bfc062723c751e8b465ee728b)
Start importing Assets/Sprites/Personajes/GreenNinja/GreenNinja_Caminar_Arriba.png using Guid(662cb11ca4feff849822279f6b532161) Importer(815301076,1909f56bfc062723c751e8b465ee728b)  -> (artifact id: '6b27e42921a44e47d34ae31d0cd64147') in 0.030396 seconds 
  Import took 0.041625 seconds .

========================================================================
Received Import Request.
  Time since last request: 14.146864 seconds.
  path: Assets/Sprites/Personajes/GreenNinja/GreenNinja_Caminar_Arriba.png
  artifactKey: Guid(662cb11ca4feff849822279f6b532161) Importer(815301076,1909f56bfc062723c751e8b465ee728b)
Start importing Assets/Sprites/Personajes/GreenNinja/GreenNinja_Caminar_Arriba.png using Guid(662cb11ca4feff849822279f6b532161) Importer(815301076,1909f56bfc062723c751e8b465ee728b)  -> (artifact id: 'ea27d9c1abec6f7b27c48bb9bc0b29d8') in 0.061257 seconds 
  Import took 0.069204 seconds .

========================================================================
Received Import Request.
  Time since last request: 4.358042 seconds.
  path: Assets/Sprites/Personajes/GreenNinja/GreenNinja_Caminar_Derecha.png
  artifactKey: Guid(7a89cb0a751dae0419f617da044d5012) Importer(815301076,1909f56bfc062723c751e8b465ee728b)
Start importing Assets/Sprites/Personajes/GreenNinja/GreenNinja_Caminar_Derecha.png using Guid(7a89cb0a751dae0419f617da044d5012) Importer(815301076,1909f56bfc062723c751e8b465ee728b)  -> (artifact id: 'd774ade4d82ee4acab1de921d61f8957') in 0.045056 seconds 
  Import took 0.057299 seconds .

========================================================================
Received Import Request.
  Time since last request: 27.150271 seconds.
  path: Assets/Sprites/Personajes/GreenNinja/GreenNinja_Caminar_Derecha.png
  artifactKey: Guid(7a89cb0a751dae0419f617da044d5012) Importer(815301076,1909f56bfc062723c751e8b465ee728b)
Start importing Assets/Sprites/Personajes/GreenNinja/GreenNinja_Caminar_Derecha.png using Guid(7a89cb0a751dae0419f617da044d5012) Importer(815301076,1909f56bfc062723c751e8b465ee728b)  -> (artifact id: '810ac64afce65f0f8cf60e61dff0b3bd') in 0.029110 seconds 
  Import took 0.041792 seconds .

========================================================================
Received Import Request.
  Time since last request: 9.565408 seconds.
  path: Assets/Sprites/Personajes/GreenNinja/GreenNinja_Caminar_Derecha.png
  artifactKey: Guid(7a89cb0a751dae0419f617da044d5012) Importer(815301076,1909f56bfc062723c751e8b465ee728b)
Start importing Assets/Sprites/Personajes/GreenNinja/GreenNinja_Caminar_Derecha.png using Guid(7a89cb0a751dae0419f617da044d5012) Importer(815301076,1909f56bfc062723c751e8b465ee728b)  -> (artifact id: '71f02b8c4ed42a3951657987c0fab564') in 0.053315 seconds 
  Import took 0.063475 seconds .

========================================================================
Received Import Request.
  Time since last request: 3.151712 seconds.
  path: Assets/Sprites/Personajes/GreenNinja/GreenNinja_Caminar_IZquierda.png
  artifactKey: Guid(709e4f9805cb99f4eaa6674fb5aafe7c) Importer(815301076,1909f56bfc062723c751e8b465ee728b)
Start importing Assets/Sprites/Personajes/GreenNinja/GreenNinja_Caminar_IZquierda.png using Guid(709e4f9805cb99f4eaa6674fb5aafe7c) Importer(815301076,1909f56bfc062723c751e8b465ee728b)  -> (artifact id: '0e88f0852a7ef2bf2b3c9dddc95260ae') in 0.049108 seconds 
  Import took 0.059200 seconds .

========================================================================
Received Import Request.
  Time since last request: 4.970922 seconds.
  path: Assets/Sprites/Personajes/GreenNinja/GreenNinja_Caminar_IZquierda.png
  artifactKey: Guid(709e4f9805cb99f4eaa6674fb5aafe7c) Importer(815301076,1909f56bfc062723c751e8b465ee728b)
Start importing Assets/Sprites/Personajes/GreenNinja/GreenNinja_Caminar_IZquierda.png using Guid(709e4f9805cb99f4eaa6674fb5aafe7c) Importer(815301076,1909f56bfc062723c751e8b465ee728b)  -> (artifact id: '9d94054cb633d55cb636e797f07e3c4d') in 0.035291 seconds 
  Import took 0.050660 seconds .

========================================================================
Received Import Request.
  Time since last request: 10.041787 seconds.
  path: Assets/Sprites/Personajes/GreenNinja/GreenNinja_Caminar_IZquierda.png
  artifactKey: Guid(709e4f9805cb99f4eaa6674fb5aafe7c) Importer(815301076,1909f56bfc062723c751e8b465ee728b)
Start importing Assets/Sprites/Personajes/GreenNinja/GreenNinja_Caminar_IZquierda.png using Guid(709e4f9805cb99f4eaa6674fb5aafe7c) Importer(815301076,1909f56bfc062723c751e8b465ee728b)  -> (artifact id: '108108421b770481f1857717d71c69f0') in 0.060711 seconds 
  Import took 0.069083 seconds .

========================================================================
Received Prepare
Registering precompiled user dll's ...
Registered in 0.285558 seconds.
Begin MonoManager ReloadAssembly
Native extension for WindowsStandalone target not found
Refreshing native plugins compatible for Editor in 0.97 ms, found 3 plugins.
Preloading 0 native plugins for Editor in 0.00 ms.
Mono: successfully reloaded assembly
- Completed reload, in  3.758 seconds
Domain Reload Profiling:
	ReloadAssembly (3760ms)
		BeginReloadAssembly (380ms)
			ExecutionOrderSort (0ms)
			DisableScriptedObjects (25ms)
			BackupInstance (0ms)
			ReleaseScriptingObjects (0ms)
			CreateAndSetChildDomain (117ms)
		EndReloadAssembly (3146ms)
			LoadAssemblies (352ms)
			RebuildTransferFunctionScriptingTraits (0ms)
			SetupTypeCache (1125ms)
			ReleaseScriptCaches (3ms)
			RebuildScriptCaches (212ms)
			SetupLoadedEditorAssemblies (1024ms)
				LogAssemblyErrors (0ms)
				InitializePlatformSupportModulesInManaged (17ms)
				SetLoadedEditorAssemblies (1ms)
				RefreshPlugins (1ms)
				BeforeProcessingInitializeOnLoad (204ms)
				ProcessInitializeOnLoadAttributes (754ms)
				ProcessInitializeOnLoadMethodAttributes (21ms)
				AfterProcessingInitializeOnLoad (25ms)
				EditorAssembliesLoaded (0ms)
			ExecutionOrderSort2 (0ms)
			AwakeInstancesAfterBackupRestoration (41ms)
Platform modules already initialized, skipping
Refreshing native plugins compatible for Editor in 1.28 ms, found 3 plugins.
Preloading 0 native plugins for Editor in 0.00 ms.
Unloading 2083 Unused Serialized files (Serialized files now loaded: 0)
System memory in use before: 95.5 MB.
System memory in use after: 95.6 MB.

Unloading 14 unused Assets to reduce memory usage. Loaded Objects now: 2543.
Total: 7.098300 ms (FindLiveObjects: 0.451600 ms CreateObjectMapping: 0.214900 ms MarkObjects: 6.380600 ms  DeleteObjects: 0.048900 ms)

AssetImportParameters requested are different than current active one (requested -> active):
  custom:framework-win-MediaFoundation: 216162199b28c13a410421893ffa2e32 -> 
  custom:video-decoder-ogg-theora: a1e56fd34408186e4bbccfd4996cb3dc -> 
  custom:container-muxer-webm: aa71ff27fc2769a1b78a27578f13a17b -> 
  custom:container-demuxer-webm: 4f35f7cbe854078d1ac9338744f61a02 -> 
  custom:container-demuxer-ogg: 62fdf1f143b41e24485cea50d1cbac27 -> 
  custom:video-encoder-webm-vp8: eb34c28f22e8b96e1ab97ce403110664 -> 
  custom:video-decoder-webm-vp8: 9c59270c3fd7afecdb556c50c9e8de78 -> 
  custom:audio-decoder-ogg-vorbis: bf7c407c2cedff20999df2af8eb42d56 -> 
  custom:audio-encoder-webm-vorbis: bf7c407c2cedff20999df2af8eb42d56 -> 
========================================================================
Received Import Request.
  Time since last request: 281.904761 seconds.
  path: Assets/Sprites/Personajes/GreenNinja/GreenNinja_Caminar_Abajo.png
  artifactKey: Guid(633c78f6b2b675e40a5e5da388d22dae) Importer(815301076,1909f56bfc062723c751e8b465ee728b)
Start importing Assets/Sprites/Personajes/GreenNinja/GreenNinja_Caminar_Abajo.png using Guid(633c78f6b2b675e40a5e5da388d22dae) Importer(815301076,1909f56bfc062723c751e8b465ee728b)  -> (artifact id: '14dec66f0724dba13d6a1200fbbb66cb') in 0.155283 seconds 
  Import took 0.163212 seconds .

========================================================================
Received Import Request.
  Time since last request: 13.359121 seconds.
  path: Assets/Sprites/Personajes/GreenNinja/GreenNinja_Caminar_Abajo.png
  artifactKey: Guid(633c78f6b2b675e40a5e5da388d22dae) Importer(815301076,1909f56bfc062723c751e8b465ee728b)
Start importing Assets/Sprites/Personajes/GreenNinja/GreenNinja_Caminar_Abajo.png using Guid(633c78f6b2b675e40a5e5da388d22dae) Importer(815301076,1909f56bfc062723c751e8b465ee728b)  -> (artifact id: 'a7f181094b41bc6b33039ecfec604bc2') in 0.037442 seconds 
  Import took 0.047052 seconds .

========================================================================
Received Import Request.
  Time since last request: 14.188845 seconds.
  path: Assets/Sprites/Personajes/GreenNinja/_Faceset.png
  artifactKey: Guid(402c68189ba5ffd49bd131ac2481e339) Importer(815301076,1909f56bfc062723c751e8b465ee728b)
Start importing Assets/Sprites/Personajes/GreenNinja/_Faceset.png using Guid(402c68189ba5ffd49bd131ac2481e339) Importer(815301076,1909f56bfc062723c751e8b465ee728b)  -> (artifact id: 'ced70378ed751d4e7c984a3dc5a7ccb6') in 0.069883 seconds 
  Import took 0.088788 seconds .

========================================================================
Received Import Request.
  Time since last request: 2.515129 seconds.
  path: Assets/Sprites/Personajes/GreenNinja/Special1.png
  artifactKey: Guid(9978b864fc753fc4b88b78613232607f) Importer(815301076,1909f56bfc062723c751e8b465ee728b)
Start importing Assets/Sprites/Personajes/GreenNinja/Special1.png using Guid(9978b864fc753fc4b88b78613232607f) Importer(815301076,1909f56bfc062723c751e8b465ee728b)  -> (artifact id: '52c8a1865834e077ecf9c9e194b0151f') in 0.044373 seconds 
  Import took 0.053576 seconds .

========================================================================
Received Import Request.
  Time since last request: 0.785556 seconds.
  path: Assets/Sprites/Personajes/GreenNinja/Special2.png
  artifactKey: Guid(ab606b746b2876641b096e48fa04a1aa) Importer(815301076,1909f56bfc062723c751e8b465ee728b)
Start importing Assets/Sprites/Personajes/GreenNinja/Special2.png using Guid(ab606b746b2876641b096e48fa04a1aa) Importer(815301076,1909f56bfc062723c751e8b465ee728b)  -> (artifact id: 'fd04f02af776e3dd9103baeb81c5689c') in 0.048847 seconds 
  Import took 0.063606 seconds .

========================================================================
Received Import Request.
  Time since last request: 57.343794 seconds.
  path: Assets/Sprites/Personajes/GreenNinja/GreenNinja_Caminar_Derecha.png
  artifactKey: Guid(7a89cb0a751dae0419f617da044d5012) Importer(815301076,1909f56bfc062723c751e8b465ee728b)
Start importing Assets/Sprites/Personajes/GreenNinja/GreenNinja_Caminar_Derecha.png using Guid(7a89cb0a751dae0419f617da044d5012) Importer(815301076,1909f56bfc062723c751e8b465ee728b)  -> (artifact id: '440d0f387e93cb2fe08c1d133947d9fb') in 0.076724 seconds 
  Import took 0.089287 seconds .

========================================================================
Received Import Request.
  Time since last request: 149.313430 seconds.
  path: Assets/Sprites/Mapa.PNG
  artifactKey: Guid(f7da4e2bcb64ebd4096abeb4ba5c9370) Importer(815301076,1909f56bfc062723c751e8b465ee728b)
Start importing Assets/Sprites/Mapa.PNG using Guid(f7da4e2bcb64ebd4096abeb4ba5c9370) Importer(815301076,1909f56bfc062723c751e8b465ee728b)  -> (artifact id: '7607b6fbed94db1fc790d9022ceb78d3') in 0.112748 seconds 
  Import took 0.123822 seconds .

========================================================================
Received Import Request.
  Time since last request: 2.788017 seconds.
  path: Assets/Sprites/Personajes/GreenNinja/_Faceset.png
  artifactKey: Guid(402c68189ba5ffd49bd131ac2481e339) Importer(815301076,1909f56bfc062723c751e8b465ee728b)
Start importing Assets/Sprites/Personajes/GreenNinja/_Faceset.png using Guid(402c68189ba5ffd49bd131ac2481e339) Importer(815301076,1909f56bfc062723c751e8b465ee728b)  -> (artifact id: '55880cfaa89a682c28269986a5396c8b') in 0.027524 seconds 
  Import took 0.037424 seconds .

========================================================================
Received Import Request.
  Time since last request: 0.000715 seconds.
  path: Assets/Sprites/Personajes/GreenNinja/Idle.png
  artifactKey: Guid(4d654774fdcaeb8428fcaf2593c3f3d8) Importer(815301076,1909f56bfc062723c751e8b465ee728b)
Start importing Assets/Sprites/Personajes/GreenNinja/Idle.png using Guid(4d654774fdcaeb8428fcaf2593c3f3d8) Importer(815301076,1909f56bfc062723c751e8b465ee728b)  -> (artifact id: '8e55e100fe0abb84f2f43079e2023b64') in 0.036776 seconds 
  Import took 0.049866 seconds .

========================================================================
Received Import Request.
  Time since last request: 0.000627 seconds.
  path: Assets/Sprites/Personajes/GreenNinja/Item.png
  artifactKey: Guid(fdd13d1cc8f919a449748b77d43cc779) Importer(815301076,1909f56bfc062723c751e8b465ee728b)
Start importing Assets/Sprites/Personajes/GreenNinja/Item.png using Guid(fdd13d1cc8f919a449748b77d43cc779) Importer(815301076,1909f56bfc062723c751e8b465ee728b)  -> (artifact id: '0a4cb164e2e79e728098a785bba3b0e5') in 0.032205 seconds 
  Import took 0.043015 seconds .

========================================================================
Received Import Request.
  Time since last request: 0.000498 seconds.
  path: Assets/Sprites/Personajes/GreenNinja/Special1.png
  artifactKey: Guid(9978b864fc753fc4b88b78613232607f) Importer(815301076,1909f56bfc062723c751e8b465ee728b)
Start importing Assets/Sprites/Personajes/GreenNinja/Special1.png using Guid(9978b864fc753fc4b88b78613232607f) Importer(815301076,1909f56bfc062723c751e8b465ee728b)  -> (artifact id: '9acadd110a57a47b9468f71cfddbbb93') in 0.029331 seconds 
  Import took 0.036772 seconds .

========================================================================
Received Import Request.
  Time since last request: 0.000630 seconds.
  path: Assets/Sprites/Personajes/GreenNinja/GreenNinja_Caminar_Arriba.png
  artifactKey: Guid(662cb11ca4feff849822279f6b532161) Importer(815301076,1909f56bfc062723c751e8b465ee728b)
Start importing Assets/Sprites/Personajes/GreenNinja/GreenNinja_Caminar_Arriba.png using Guid(662cb11ca4feff849822279f6b532161) Importer(815301076,1909f56bfc062723c751e8b465ee728b)  -> (artifact id: '6dcac03054d7221cf233f46188af00f5') in 0.048756 seconds 
  Import took 0.059237 seconds .

========================================================================
Received Import Request.
  Time since last request: 0.000593 seconds.
  path: Assets/Sprites/Personajes/GreenNinja/Jump.png
  artifactKey: Guid(8636ad31d4197184397395c54eb252b8) Importer(815301076,1909f56bfc062723c751e8b465ee728b)
Start importing Assets/Sprites/Personajes/GreenNinja/Jump.png using Guid(8636ad31d4197184397395c54eb252b8) Importer(815301076,1909f56bfc062723c751e8b465ee728b)  -> (artifact id: 'ec042f0205ca3afe50fa5f9138f3808b') in 0.040782 seconds 
  Import took 0.049220 seconds .

========================================================================
Received Import Request.
  Time since last request: 0.000577 seconds.
  path: Assets/Sprites/Personajes/GreenNinja/GreenNinja_Caminar_IZquierda.png
  artifactKey: Guid(709e4f9805cb99f4eaa6674fb5aafe7c) Importer(815301076,1909f56bfc062723c751e8b465ee728b)
Start importing Assets/Sprites/Personajes/GreenNinja/GreenNinja_Caminar_IZquierda.png using Guid(709e4f9805cb99f4eaa6674fb5aafe7c) Importer(815301076,1909f56bfc062723c751e8b465ee728b)  -> (artifact id: 'ea3c56c9d5c57aad4a9fa0ea1221283a') in 0.054339 seconds 
  Import took 0.066625 seconds .

========================================================================
Received Import Request.
  Time since last request: 0.000578 seconds.
  path: Assets/Sprites/Personajes/GreenNinja/Special2.png
  artifactKey: Guid(ab606b746b2876641b096e48fa04a1aa) Importer(815301076,1909f56bfc062723c751e8b465ee728b)
Start importing Assets/Sprites/Personajes/GreenNinja/Special2.png using Guid(ab606b746b2876641b096e48fa04a1aa) Importer(815301076,1909f56bfc062723c751e8b465ee728b)  -> (artifact id: 'a99101adf209727fe038dfd751160467') in 0.033544 seconds 
  Import took 0.043545 seconds .

========================================================================
Received Import Request.
  Time since last request: 0.000629 seconds.
  path: Assets/Sprites/Personajes/GreenNinja/Attack.png
  artifactKey: Guid(1cc8ab97d2f747b4f9a7dbc913d4ce07) Importer(815301076,1909f56bfc062723c751e8b465ee728b)
Start importing Assets/Sprites/Personajes/GreenNinja/Attack.png using Guid(1cc8ab97d2f747b4f9a7dbc913d4ce07) Importer(815301076,1909f56bfc062723c751e8b465ee728b)  -> (artifact id: '6214ace463b06302ac877cea99c20bb5') in 0.036783 seconds 
  Import took 0.048120 seconds .

========================================================================
Received Import Request.
  Time since last request: 0.000497 seconds.
  path: Assets/Sprites/Personajes/GreenNinja/GreenNinja_Caminar_Abajo.png
  artifactKey: Guid(633c78f6b2b675e40a5e5da388d22dae) Importer(815301076,1909f56bfc062723c751e8b465ee728b)
Start importing Assets/Sprites/Personajes/GreenNinja/GreenNinja_Caminar_Abajo.png using Guid(633c78f6b2b675e40a5e5da388d22dae) Importer(815301076,1909f56bfc062723c751e8b465ee728b)  -> (artifact id: '751187c0be661c89831f4138af58fc0b') in 0.068605 seconds 
  Import took 0.078546 seconds .

========================================================================
Received Import Request.
  Time since last request: 0.003007 seconds.
  path: Assets/Sprites/Personajes/GreenNinja/Dead.png
  artifactKey: Guid(fd3740375880e31439f56c0c4358a146) Importer(815301076,1909f56bfc062723c751e8b465ee728b)
Start importing Assets/Sprites/Personajes/GreenNinja/Dead.png using Guid(fd3740375880e31439f56c0c4358a146) Importer(815301076,1909f56bfc062723c751e8b465ee728b)  -> (artifact id: '3f1e066593f20d76ab5839587db71166') in 0.037267 seconds 
  Import took 0.051325 seconds .

========================================================================
Received Prepare
Registering precompiled user dll's ...
Registered in 0.009061 seconds.
Begin MonoManager ReloadAssembly
Native extension for WindowsStandalone target not found
Refreshing native plugins compatible for Editor in 1.30 ms, found 3 plugins.
Preloading 0 native plugins for Editor in 0.00 ms.
Mono: successfully reloaded assembly
- Completed reload, in  3.164 seconds
Domain Reload Profiling:
	ReloadAssembly (3165ms)
		BeginReloadAssembly (286ms)
			ExecutionOrderSort (0ms)
			DisableScriptedObjects (24ms)
			BackupInstance (0ms)
			ReleaseScriptingObjects (0ms)
			CreateAndSetChildDomain (87ms)
		EndReloadAssembly (2696ms)
			LoadAssemblies (263ms)
			RebuildTransferFunctionScriptingTraits (0ms)
			SetupTypeCache (954ms)
			ReleaseScriptCaches (3ms)
			RebuildScriptCaches (147ms)
			SetupLoadedEditorAssemblies (945ms)
				LogAssemblyErrors (0ms)
				InitializePlatformSupportModulesInManaged (16ms)
				SetLoadedEditorAssemblies (2ms)
				RefreshPlugins (1ms)
				BeforeProcessingInitializeOnLoad (184ms)
				ProcessInitializeOnLoadAttributes (702ms)
				ProcessInitializeOnLoadMethodAttributes (19ms)
				AfterProcessingInitializeOnLoad (21ms)
				EditorAssembliesLoaded (0ms)
			ExecutionOrderSort2 (0ms)
			AwakeInstancesAfterBackupRestoration (37ms)
Platform modules already initialized, skipping
Refreshing native plugins compatible for Editor in 1.04 ms, found 3 plugins.
Preloading 0 native plugins for Editor in 0.00 ms.
Unloading 2083 Unused Serialized files (Serialized files now loaded: 0)
System memory in use before: 95.6 MB.
System memory in use after: 95.7 MB.

Unloading 14 unused Assets to reduce memory usage. Loaded Objects now: 2551.
Total: 8.310100 ms (FindLiveObjects: 0.430700 ms CreateObjectMapping: 0.240300 ms MarkObjects: 7.593400 ms  DeleteObjects: 0.042200 ms)

AssetImportParameters requested are different than current active one (requested -> active):
  custom:framework-win-MediaFoundation: 216162199b28c13a410421893ffa2e32 -> 
  custom:video-decoder-ogg-theora: a1e56fd34408186e4bbccfd4996cb3dc -> 
  custom:container-muxer-webm: aa71ff27fc2769a1b78a27578f13a17b -> 
  custom:container-demuxer-webm: 4f35f7cbe854078d1ac9338744f61a02 -> 
  custom:container-demuxer-ogg: 62fdf1f143b41e24485cea50d1cbac27 -> 
  custom:video-encoder-webm-vp8: eb34c28f22e8b96e1ab97ce403110664 -> 
  custom:video-decoder-webm-vp8: 9c59270c3fd7afecdb556c50c9e8de78 -> 
  custom:audio-decoder-ogg-vorbis: bf7c407c2cedff20999df2af8eb42d56 -> 
  custom:audio-encoder-webm-vorbis: bf7c407c2cedff20999df2af8eb42d56 -> 
========================================================================
Received Import Request.
  Time since last request: 204.857087 seconds.
  path: Assets/Sprites/Personajes/GreenNinja/GreenNinja_Caminar_Arriba.png
  artifactKey: Guid(662cb11ca4feff849822279f6b532161) Importer(815301076,1909f56bfc062723c751e8b465ee728b)
Start importing Assets/Sprites/Personajes/GreenNinja/GreenNinja_Caminar_Arriba.png using Guid(662cb11ca4feff849822279f6b532161) Importer(815301076,1909f56bfc062723c751e8b465ee728b)  -> (artifact id: '2ce1c1796b31293888799d24284cd427') in 0.137400 seconds 
  Import took 0.147968 seconds .

========================================================================
Received Import Request.
  Time since last request: 253.135079 seconds.
  path: Assets/Sprites/Personajes/GreenNinja/GreenNinja_Caminar_Derecha.png
  artifactKey: Guid(7a89cb0a751dae0419f617da044d5012) Importer(815301076,1909f56bfc062723c751e8b465ee728b)
Start importing Assets/Sprites/Personajes/GreenNinja/GreenNinja_Caminar_Derecha.png using Guid(7a89cb0a751dae0419f617da044d5012) Importer(815301076,1909f56bfc062723c751e8b465ee728b)  -> (artifact id: 'a2beee9311b4b8b8abbb96f35ed9def6') in 0.056248 seconds 
  Import took 0.064729 seconds .

========================================================================
Received Import Request.
  Time since last request: 70.394316 seconds.
  path: Assets/Sprites/Personajes/GreenNinja/GreenNinja_Caminar_IZquierda.png
  artifactKey: Guid(709e4f9805cb99f4eaa6674fb5aafe7c) Importer(815301076,1909f56bfc062723c751e8b465ee728b)
Start importing Assets/Sprites/Personajes/GreenNinja/GreenNinja_Caminar_IZquierda.png using Guid(709e4f9805cb99f4eaa6674fb5aafe7c) Importer(815301076,1909f56bfc062723c751e8b465ee728b)  -> (artifact id: '722f4bfc704e91b35dd118e6480e5c3e') in 0.048852 seconds 
  Import took 0.057285 seconds .

========================================================================
Received Import Request.
  Time since last request: 745.330653 seconds.
  path: Assets/animaciones/Player/GreenNinja_Caminar_Abajo_0.controller
  artifactKey: Guid(4e176c69891275c44a2c7afcad165f55) Importer(815301076,1909f56bfc062723c751e8b465ee728b)
Start importing Assets/animaciones/Player/GreenNinja_Caminar_Abajo_0.controller using Guid(4e176c69891275c44a2c7afcad165f55) Importer(815301076,1909f56bfc062723c751e8b465ee728b)  -> (artifact id: '10757255e3bdb20b28267852e82c195a') in 0.057688 seconds 
  Import took 0.074374 seconds .

========================================================================
Received Import Request.
  Time since last request: 314.744757 seconds.
  path: Assets
  artifactKey: Guid(00000000000000001000000000000000) Importer(815301076,1909f56bfc062723c751e8b465ee728b)
Start importing Assets using Guid(00000000000000001000000000000000) Importer(815301076,1909f56bfc062723c751e8b465ee728b)  -> (artifact id: '42d402b061de3733987d63b9cc3b64de') in 0.011604 seconds 
  Import took 0.017205 seconds .

========================================================================
Received Import Request.
  Time since last request: 8.418425 seconds.
  path: Assets/Scripts
  artifactKey: Guid(4f7c43c16ee62e344b353b0b2d7516d4) Importer(815301076,1909f56bfc062723c751e8b465ee728b)
Start importing Assets/Scripts using Guid(4f7c43c16ee62e344b353b0b2d7516d4) Importer(815301076,1909f56bfc062723c751e8b465ee728b)  -> (artifact id: '22d287fcfc361ff7755d5fcf467ddb0a') in 0.016976 seconds 
  Import took 0.027600 seconds .

========================================================================
Received Import Request.
  Time since last request: 1.686818 seconds.
  path: Assets/animaciones
  artifactKey: Guid(5a15e6bdefcc29949b37918a10a0cd9d) Importer(815301076,1909f56bfc062723c751e8b465ee728b)
Start importing Assets/animaciones using Guid(5a15e6bdefcc29949b37918a10a0cd9d) Importer(815301076,1909f56bfc062723c751e8b465ee728b)  -> (artifact id: '98891ee0a56c6bd5ebef4c6203f7bc64') in 0.018656 seconds 
  Import took 0.028298 seconds .

========================================================================
Received Import Request.
  Time since last request: 8.936289 seconds.
  path: Assets/Animaciones
  artifactKey: Guid(5a15e6bdefcc29949b37918a10a0cd9d) Importer(815301076,1909f56bfc062723c751e8b465ee728b)
Start importing Assets/Animaciones using Guid(5a15e6bdefcc29949b37918a10a0cd9d) Importer(815301076,1909f56bfc062723c751e8b465ee728b)  -> (artifact id: '641e631063ca36770e51f2243b4e2131') in 0.030176 seconds 
  Import took 0.058739 seconds .

========================================================================
Received Import Request.
  Time since last request: 37.264828 seconds.
  path: Assets/Scripts/PersonajeMovimiento.cs
  artifactKey: Guid(c5f39e0779f5a8c4ea0cc643b3130783) Importer(815301076,1909f56bfc062723c751e8b465ee728b)
Start importing Assets/Scripts/PersonajeMovimiento.cs using Guid(c5f39e0779f5a8c4ea0cc643b3130783) Importer(815301076,1909f56bfc062723c751e8b465ee728b)  -> (artifact id: '31cee96d092197705a65c287b6c5e53a') in 0.259545 seconds 
  Import took 0.270936 seconds .

========================================================================
Received Prepare
Registering precompiled user dll's ...
Registered in 0.009057 seconds.
Begin MonoManager ReloadAssembly
Native extension for WindowsStandalone target not found
Refreshing native plugins compatible for Editor in 0.95 ms, found 3 plugins.
Preloading 0 native plugins for Editor in 0.00 ms.
Mono: successfully reloaded assembly
- Completed reload, in  3.725 seconds
Domain Reload Profiling:
	ReloadAssembly (3727ms)
		BeginReloadAssembly (398ms)
			ExecutionOrderSort (0ms)
			DisableScriptedObjects (33ms)
			BackupInstance (0ms)
			ReleaseScriptingObjects (0ms)
			CreateAndSetChildDomain (102ms)
		EndReloadAssembly (3060ms)
			LoadAssemblies (317ms)
			RebuildTransferFunctionScriptingTraits (0ms)
			SetupTypeCache (837ms)
			ReleaseScriptCaches (2ms)
			RebuildScriptCaches (124ms)
			SetupLoadedEditorAssemblies (1519ms)
				LogAssemblyErrors (0ms)
				InitializePlatformSupportModulesInManaged (13ms)
				SetLoadedEditorAssemblies (1ms)
				RefreshPlugins (1ms)
				BeforeProcessingInitializeOnLoad (187ms)
				ProcessInitializeOnLoadAttributes (1283ms)
				ProcessInitializeOnLoadMethodAttributes (16ms)
				AfterProcessingInitializeOnLoad (17ms)
				EditorAssembliesLoaded (0ms)
			ExecutionOrderSort2 (0ms)
			AwakeInstancesAfterBackupRestoration (30ms)
Platform modules already initialized, skipping
Refreshing native plugins compatible for Editor in 0.94 ms, found 3 plugins.
Preloading 0 native plugins for Editor in 0.00 ms.
Unloading 2084 Unused Serialized files (Serialized files now loaded: 0)
System memory in use before: 95.6 MB.
System memory in use after: 95.7 MB.

Unloading 14 unused Assets to reduce memory usage. Loaded Objects now: 2556.
Total: 11.867700 ms (FindLiveObjects: 0.401200 ms CreateObjectMapping: 0.227300 ms MarkObjects: 11.162100 ms  DeleteObjects: 0.073300 ms)

AssetImportParameters requested are different than current active one (requested -> active):
  custom:framework-win-MediaFoundation: 216162199b28c13a410421893ffa2e32 -> 
  custom:video-decoder-ogg-theora: a1e56fd34408186e4bbccfd4996cb3dc -> 
  custom:container-muxer-webm: aa71ff27fc2769a1b78a27578f13a17b -> 
  custom:container-demuxer-webm: 4f35f7cbe854078d1ac9338744f61a02 -> 
  custom:container-demuxer-ogg: 62fdf1f143b41e24485cea50d1cbac27 -> 
  custom:video-encoder-webm-vp8: eb34c28f22e8b96e1ab97ce403110664 -> 
  custom:video-decoder-webm-vp8: 9c59270c3fd7afecdb556c50c9e8de78 -> 
  custom:audio-decoder-ogg-vorbis: bf7c407c2cedff20999df2af8eb42d56 -> 
  custom:audio-encoder-webm-vorbis: bf7c407c2cedff20999df2af8eb42d56 -> 
========================================================================
Received Prepare
Registering precompiled user dll's ...
Registered in 0.013763 seconds.
Begin MonoManager ReloadAssembly
Native extension for WindowsStandalone target not found
Refreshing native plugins compatible for Editor in 1.20 ms, found 3 plugins.
Preloading 0 native plugins for Editor in 0.00 ms.
Mono: successfully reloaded assembly
- Completed reload, in  3.696 seconds
Domain Reload Profiling:
	ReloadAssembly (3700ms)
		BeginReloadAssembly (428ms)
			ExecutionOrderSort (0ms)
			DisableScriptedObjects (41ms)
			BackupInstance (0ms)
			ReleaseScriptingObjects (0ms)
			CreateAndSetChildDomain (164ms)
		EndReloadAssembly (3038ms)
			LoadAssemblies (347ms)
			RebuildTransferFunctionScriptingTraits (0ms)
			SetupTypeCache (1099ms)
			ReleaseScriptCaches (3ms)
			RebuildScriptCaches (171ms)
			SetupLoadedEditorAssemblies (1050ms)
				LogAssemblyErrors (0ms)
				InitializePlatformSupportModulesInManaged (19ms)
				SetLoadedEditorAssemblies (2ms)
				RefreshPlugins (1ms)
				BeforeProcessingInitializeOnLoad (200ms)
				ProcessInitializeOnLoadAttributes (790ms)
				ProcessInitializeOnLoadMethodAttributes (16ms)
				AfterProcessingInitializeOnLoad (21ms)
				EditorAssembliesLoaded (1ms)
			ExecutionOrderSort2 (0ms)
			AwakeInstancesAfterBackupRestoration (40ms)
Platform modules already initialized, skipping
Refreshing native plugins compatible for Editor in 0.96 ms, found 3 plugins.
Preloading 0 native plugins for Editor in 0.00 ms.
Unloading 2084 Unused Serialized files (Serialized files now loaded: 0)
System memory in use before: 95.6 MB.
System memory in use after: 95.7 MB.

Unloading 14 unused Assets to reduce memory usage. Loaded Objects now: 2559.
Total: 8.331800 ms (FindLiveObjects: 0.451400 ms CreateObjectMapping: 0.280700 ms MarkObjects: 7.552600 ms  DeleteObjects: 0.042600 ms)

AssetImportParameters requested are different than current active one (requested -> active):
  custom:framework-win-MediaFoundation: 216162199b28c13a410421893ffa2e32 -> 
  custom:video-decoder-ogg-theora: a1e56fd34408186e4bbccfd4996cb3dc -> 
  custom:container-muxer-webm: aa71ff27fc2769a1b78a27578f13a17b -> 
  custom:container-demuxer-webm: 4f35f7cbe854078d1ac9338744f61a02 -> 
  custom:container-demuxer-ogg: 62fdf1f143b41e24485cea50d1cbac27 -> 
  custom:video-encoder-webm-vp8: eb34c28f22e8b96e1ab97ce403110664 -> 
  custom:video-decoder-webm-vp8: 9c59270c3fd7afecdb556c50c9e8de78 -> 
  custom:audio-decoder-ogg-vorbis: bf7c407c2cedff20999df2af8eb42d56 -> 
  custom:audio-encoder-webm-vorbis: bf7c407c2cedff20999df2af8eb42d56 -> 
========================================================================
Received Import Request.
  Time since last request: 657.211953 seconds.
  path: Assets/Scripts/PersonajeMovimiento.cs
  artifactKey: Guid(c5f39e0779f5a8c4ea0cc643b3130783) Importer(815301076,1909f56bfc062723c751e8b465ee728b)
Start importing Assets/Scripts/PersonajeMovimiento.cs using Guid(c5f39e0779f5a8c4ea0cc643b3130783) Importer(815301076,1909f56bfc062723c751e8b465ee728b)  -> (artifact id: 'c05f8a19499a8d15244d5e9a511310f0') in 0.012870 seconds 
  Import took 0.022144 seconds .

========================================================================
Received Prepare
Registering precompiled user dll's ...
Registered in 0.013265 seconds.
Begin MonoManager ReloadAssembly
Native extension for WindowsStandalone target not found
Refreshing native plugins compatible for Editor in 1.20 ms, found 3 plugins.
Preloading 0 native plugins for Editor in 0.00 ms.
Mono: successfully reloaded assembly
- Completed reload, in  2.874 seconds
Domain Reload Profiling:
	ReloadAssembly (2875ms)
		BeginReloadAssembly (349ms)
			ExecutionOrderSort (0ms)
			DisableScriptedObjects (18ms)
			BackupInstance (0ms)
			ReleaseScriptingObjects (0ms)
			CreateAndSetChildDomain (105ms)
		EndReloadAssembly (2303ms)
			LoadAssemblies (313ms)
			RebuildTransferFunctionScriptingTraits (0ms)
			SetupTypeCache (740ms)
			ReleaseScriptCaches (2ms)
			RebuildScriptCaches (135ms)
			SetupLoadedEditorAssemblies (843ms)
				LogAssemblyErrors (0ms)
				InitializePlatformSupportModulesInManaged (14ms)
				SetLoadedEditorAssemblies (3ms)
				RefreshPlugins (1ms)
				BeforeProcessingInitializeOnLoad (152ms)
				ProcessInitializeOnLoadAttributes (626ms)
				ProcessInitializeOnLoadMethodAttributes (23ms)
				AfterProcessingInitializeOnLoad (23ms)
				EditorAssembliesLoaded (0ms)
			ExecutionOrderSort2 (0ms)
			AwakeInstancesAfterBackupRestoration (34ms)
Platform modules already initialized, skipping
Refreshing native plugins compatible for Editor in 1.00 ms, found 3 plugins.
Preloading 0 native plugins for Editor in 0.00 ms.
Unloading 2084 Unused Serialized files (Serialized files now loaded: 0)
System memory in use before: 95.6 MB.
System memory in use after: 95.8 MB.

Unloading 14 unused Assets to reduce memory usage. Loaded Objects now: 2562.
Total: 11.747200 ms (FindLiveObjects: 1.023600 ms CreateObjectMapping: 0.368800 ms MarkObjects: 10.297500 ms  DeleteObjects: 0.052300 ms)

AssetImportParameters requested are different than current active one (requested -> active):
  custom:framework-win-MediaFoundation: 216162199b28c13a410421893ffa2e32 -> 
  custom:video-decoder-ogg-theora: a1e56fd34408186e4bbccfd4996cb3dc -> 
  custom:container-muxer-webm: aa71ff27fc2769a1b78a27578f13a17b -> 
  custom:container-demuxer-webm: 4f35f7cbe854078d1ac9338744f61a02 -> 
  custom:container-demuxer-ogg: 62fdf1f143b41e24485cea50d1cbac27 -> 
  custom:video-encoder-webm-vp8: eb34c28f22e8b96e1ab97ce403110664 -> 
  custom:video-decoder-webm-vp8: 9c59270c3fd7afecdb556c50c9e8de78 -> 
  custom:audio-decoder-ogg-vorbis: bf7c407c2cedff20999df2af8eb42d56 -> 
  custom:audio-encoder-webm-vorbis: bf7c407c2cedff20999df2af8eb42d56 -> 
========================================================================
Received Prepare
Registering precompiled user dll's ...
Registered in 0.005814 seconds.
Begin MonoManager ReloadAssembly
Native extension for WindowsStandalone target not found
Refreshing native plugins compatible for Editor in 0.98 ms, found 3 plugins.
Preloading 0 native plugins for Editor in 0.00 ms.
Mono: successfully reloaded assembly
- Completed reload, in  2.186 seconds
Domain Reload Profiling:
	ReloadAssembly (2186ms)
		BeginReloadAssembly (184ms)
			ExecutionOrderSort (0ms)
			DisableScriptedObjects (16ms)
			BackupInstance (0ms)
			ReleaseScriptingObjects (0ms)
			CreateAndSetChildDomain (60ms)
		EndReloadAssembly (1908ms)
			LoadAssemblies (134ms)
			RebuildTransferFunctionScriptingTraits (0ms)
			SetupTypeCache (424ms)
			ReleaseScriptCaches (5ms)
			RebuildScriptCaches (132ms)
			SetupLoadedEditorAssemblies (834ms)
				LogAssemblyErrors (0ms)
				InitializePlatformSupportModulesInManaged (14ms)
				SetLoadedEditorAssemblies (3ms)
				RefreshPlugins (1ms)
				BeforeProcessingInitializeOnLoad (161ms)
				ProcessInitializeOnLoadAttributes (616ms)
				ProcessInitializeOnLoadMethodAttributes (19ms)
				AfterProcessingInitializeOnLoad (20ms)
				EditorAssembliesLoaded (0ms)
			ExecutionOrderSort2 (0ms)
			AwakeInstancesAfterBackupRestoration (33ms)
Platform modules already initialized, skipping
Refreshing native plugins compatible for Editor in 1.58 ms, found 3 plugins.
Preloading 0 native plugins for Editor in 0.00 ms.
Unloading 2084 Unused Serialized files (Serialized files now loaded: 0)
System memory in use before: 95.6 MB.
System memory in use after: 95.8 MB.

Unloading 14 unused Assets to reduce memory usage. Loaded Objects now: 2565.
Total: 8.088100 ms (FindLiveObjects: 0.392600 ms CreateObjectMapping: 0.242600 ms MarkObjects: 7.402800 ms  DeleteObjects: 0.047100 ms)

AssetImportParameters requested are different than current active one (requested -> active):
  custom:framework-win-MediaFoundation: 216162199b28c13a410421893ffa2e32 -> 
  custom:video-decoder-ogg-theora: a1e56fd34408186e4bbccfd4996cb3dc -> 
  custom:container-muxer-webm: aa71ff27fc2769a1b78a27578f13a17b -> 
  custom:container-demuxer-webm: 4f35f7cbe854078d1ac9338744f61a02 -> 
  custom:container-demuxer-ogg: 62fdf1f143b41e24485cea50d1cbac27 -> 
  custom:video-encoder-webm-vp8: eb34c28f22e8b96e1ab97ce403110664 -> 
  custom:video-decoder-webm-vp8: 9c59270c3fd7afecdb556c50c9e8de78 -> 
  custom:audio-decoder-ogg-vorbis: bf7c407c2cedff20999df2af8eb42d56 -> 
  custom:audio-encoder-webm-vorbis: bf7c407c2cedff20999df2af8eb42d56 -> 
